
> temp-app@0.1.0 dev
> next dev

Γû▓ Next.js 16.2.6 (Turbopack)
- Local:         http://localhost:3000
- Network:       http://192.168.20.7:3000
Γ£ô Ready in 562ms
ΓÜá Warning: Next.js inferred your workspace root, but it may not be correct.
 We detected multiple lockfiles and selected the directory of C:\Users\biz\package-lock.json as the root directory.
 To silence this warning, set `turbopack.root` in your Next.js config, or consider removing one of the lockfiles if it's not needed.
   See https://nextjs.org/docs/app/api-reference/config/next-config-js/turbopack#root-directory for more information.
 Detected additional lockfiles: 
   * C:\Users\biz\Downloads\stitch_minimalist_material_blog_mockup\stitch_minimalist_material_blog_mockup\package-lock.json


 GET / 200 in 691ms (next.js: 215ms, application-code: 476ms)
 GET / 200 in 83ms (next.js: 7ms, application-code: 77ms)
 GET /blog/the-honest-model-nobody-wanted 200 in 1623ms (next.js: 935ms, generate-params: 873ms, application-code: 688ms)
 GET /blog/the-honest-model-nobody-wanted 200 in 164ms (next.js: 17ms, generate-params: 8ms, application-code: 146ms)
 GET / 200 in 32ms (next.js: 3ms, application-code: 29ms)
 GET /blog/the-honest-model-nobody-wanted 200 in 116ms (next.js: 11ms, generate-params: 8ms, application-code: 105ms)
 GET /blog 200 in 135ms (next.js: 46ms, application-code: 89ms)
 GET /blog 200 in 180ms (next.js: 7ms, application-code: 173ms)
 GET /blog/the-honest-model-nobody-wanted 200 in 207ms (next.js: 10ms, generate-params: 6ms, application-code: 196ms)
Γ£ô Compiled in 547ms
 GET /blog/the-honest-model-nobody-wanted 200 in 544ms (next.js: 106ms, generate-params: 7ms, application-code: 438ms)
 GET /blog/the-honest-model-nobody-wanted 200 in 225ms (next.js: 5ms, generate-params: 28┬╡s, application-code: 220ms)
 GET /blog/the-honest-model-nobody-wanted 200 in 113ms (next.js: 3ms, generate-params: 27┬╡s, application-code: 110ms)
Γ£ô Compiled in 112ms
 GET /blog/the-honest-model-nobody-wanted 200 in 419ms (next.js: 99ms, generate-params: 7ms, application-code: 320ms)
 GET /blog/the-honest-model-nobody-wanted 200 in 161ms (next.js: 6ms, generate-params: 55┬╡s, application-code: 155ms)
 GET /blog/the-honest-model-nobody-wanted 200 in 383ms (next.js: 9ms, generate-params: 6ms, application-code: 374ms)
 GET / 200 in 214ms (next.js: 110ms, application-code: 104ms)
 GET /blog/chatbot-era-ended 200 in 187ms (next.js: 10ms, generate-params: 6ms, application-code: 176ms)
